[     314ms] [WARNING] The `integrity` attribute is currently ignored for preload destinations that do not support subresource integrity. See https://crbug.com/981419 for more information @ http://localhost:3000/:7
[   69485ms] [ERROR] WebSocket connection to 'ws://localhost:3000/ws' failed: Error in connection establishment: net::ERR_CONNECTION_REFUSED @ http://localhost:3000/frontend-6e7dfec835a8e60b.js:301
[   69485ms] [ERROR] WebSocket is already in CLOSING or CLOSED state. @ http://localhost:3000/frontend-6e7dfec835a8e60b.js:395
[   69485ms] [ERROR] WebSocket is already in CLOSING or CLOSED state. @ http://localhost:3000/frontend-6e7dfec835a8e60b.js:395
[   73828ms] [ERROR] WebSocket connection to 'ws://localhost:3000/ws' failed: Error in connection establishment: net::ERR_CONNECTION_REFUSED @ http://localhost:3000/frontend-6e7dfec835a8e60b.js:301
[   73828ms] [ERROR] WebSocket is already in CLOSING or CLOSED state. @ http://localhost:3000/frontend-6e7dfec835a8e60b.js:395
[   78186ms] [ERROR] WebSocket connection to 'ws://localhost:3000/ws' failed: Error in connection establishment: net::ERR_CONNECTION_REFUSED @ http://localhost:3000/frontend-6e7dfec835a8e60b.js:301
[   78186ms] [ERROR] WebSocket is already in CLOSING or CLOSED state. @ http://localhost:3000/frontend-6e7dfec835a8e60b.js:395
[   82536ms] [ERROR] WebSocket connection to 'ws://localhost:3000/ws' failed: Error in connection establishment: net::ERR_CONNECTION_REFUSED @ http://localhost:3000/frontend-6e7dfec835a8e60b.js:301
[   82536ms] [ERROR] WebSocket is already in CLOSING or CLOSED state. @ http://localhost:3000/frontend-6e7dfec835a8e60b.js:395
[   86896ms] [ERROR] WebSocket connection to 'ws://localhost:3000/ws' failed: Error in connection establishment: net::ERR_CONNECTION_REFUSED @ http://localhost:3000/frontend-6e7dfec835a8e60b.js:301
[   86897ms] [ERROR] WebSocket is already in CLOSING or CLOSED state. @ http://localhost:3000/frontend-6e7dfec835a8e60b.js:395
[   86897ms] [ERROR] WebSocket is already in CLOSING or CLOSED state. @ http://localhost:3000/frontend-6e7dfec835a8e60b.js:395
[   86897ms] [ERROR] WebSocket is already in CLOSING or CLOSED state. @ http://localhost:3000/frontend-6e7dfec835a8e60b.js:395
[   91260ms] [ERROR] WebSocket connection to 'ws://localhost:3000/ws' failed: Error in connection establishment: net::ERR_CONNECTION_REFUSED @ http://localhost:3000/frontend-6e7dfec835a8e60b.js:301
[   91260ms] [ERROR] WebSocket is already in CLOSING or CLOSED state. @ http://localhost:3000/frontend-6e7dfec835a8e60b.js:395
[   95624ms] [ERROR] WebSocket connection to 'ws://localhost:3000/ws' failed: Error in connection establishment: net::ERR_CONNECTION_REFUSED @ http://localhost:3000/frontend-6e7dfec835a8e60b.js:301
[   95625ms] [ERROR] WebSocket is already in CLOSING or CLOSED state. @ http://localhost:3000/frontend-6e7dfec835a8e60b.js:395
[   99975ms] [ERROR] WebSocket connection to 'ws://localhost:3000/ws' failed: Error in connection establishment: net::ERR_CONNECTION_REFUSED @ http://localhost:3000/frontend-6e7dfec835a8e60b.js:301
[   99976ms] [ERROR] WebSocket is already in CLOSING or CLOSED state. @ http://localhost:3000/frontend-6e7dfec835a8e60b.js:395
[   99976ms] [ERROR] WebSocket is already in CLOSING or CLOSED state. @ http://localhost:3000/frontend-6e7dfec835a8e60b.js:395
[   99976ms] [ERROR] WebSocket is already in CLOSING or CLOSED state. @ http://localhost:3000/frontend-6e7dfec835a8e60b.js:395
[   99976ms] [ERROR] WebSocket is already in CLOSING or CLOSED state. @ http://localhost:3000/frontend-6e7dfec835a8e60b.js:395
[   99976ms] [ERROR] WebSocket is already in CLOSING or CLOSED state. @ http://localhost:3000/frontend-6e7dfec835a8e60b.js:395
[   99976ms] [ERROR] WebSocket is already in CLOSING or CLOSED state. @ http://localhost:3000/frontend-6e7dfec835a8e60b.js:395
[  104333ms] [ERROR] WebSocket connection to 'ws://localhost:3000/ws' failed: Error in connection establishment: net::ERR_CONNECTION_REFUSED @ http://localhost:3000/frontend-6e7dfec835a8e60b.js:301
[  104333ms] [ERROR] WebSocket is already in CLOSING or CLOSED state. @ http://localhost:3000/frontend-6e7dfec835a8e60b.js:395
[  108692ms] [ERROR] WebSocket connection to 'ws://localhost:3000/ws' failed: Error in connection establishment: net::ERR_CONNECTION_REFUSED @ http://localhost:3000/frontend-6e7dfec835a8e60b.js:301
[  108693ms] [ERROR] WebSocket is already in CLOSING or CLOSED state. @ http://localhost:3000/frontend-6e7dfec835a8e60b.js:395
[  108693ms] [ERROR] WebSocket is already in CLOSING or CLOSED state. @ http://localhost:3000/frontend-6e7dfec835a8e60b.js:395
[  108693ms] [ERROR] WebSocket is already in CLOSING or CLOSED state. @ http://localhost:3000/frontend-6e7dfec835a8e60b.js:395
[  113038ms] [ERROR] WebSocket connection to 'ws://localhost:3000/ws' failed: Error in connection establishment: net::ERR_CONNECTION_REFUSED @ http://localhost:3000/frontend-6e7dfec835a8e60b.js:301
[  113038ms] [ERROR] WebSocket is already in CLOSING or CLOSED state. @ http://localhost:3000/frontend-6e7dfec835a8e60b.js:395
[  113038ms] [ERROR] WebSocket is already in CLOSING or CLOSED state. @ http://localhost:3000/frontend-6e7dfec835a8e60b.js:395
[  113038ms] [ERROR] WebSocket is already in CLOSING or CLOSED state. @ http://localhost:3000/frontend-6e7dfec835a8e60b.js:395
[  117393ms] [ERROR] WebSocket connection to 'ws://localhost:3000/ws' failed: Error in connection establishment: net::ERR_CONNECTION_REFUSED @ http://localhost:3000/frontend-6e7dfec835a8e60b.js:301
[  117393ms] [ERROR] WebSocket is already in CLOSING or CLOSED state. @ http://localhost:3000/frontend-6e7dfec835a8e60b.js:395
[  117393ms] [ERROR] WebSocket is already in CLOSING or CLOSED state. @ http://localhost:3000/frontend-6e7dfec835a8e60b.js:395
[  117393ms] [ERROR] WebSocket is already in CLOSING or CLOSED state. @ http://localhost:3000/frontend-6e7dfec835a8e60b.js:395
[  121739ms] [ERROR] WebSocket connection to 'ws://localhost:3000/ws' failed: Error in connection establishment: net::ERR_CONNECTION_REFUSED @ http://localhost:3000/frontend-6e7dfec835a8e60b.js:301
[  121739ms] [ERROR] WebSocket is already in CLOSING or CLOSED state. @ http://localhost:3000/frontend-6e7dfec835a8e60b.js:395
[  121739ms] [ERROR] WebSocket is already in CLOSING or CLOSED state. @ http://localhost:3000/frontend-6e7dfec835a8e60b.js:395
[  121739ms] [ERROR] WebSocket is already in CLOSING or CLOSED state. @ http://localhost:3000/frontend-6e7dfec835a8e60b.js:395
[  126097ms] [ERROR] WebSocket connection to 'ws://localhost:3000/ws' failed: Error in connection establishment: net::ERR_CONNECTION_REFUSED @ http://localhost:3000/frontend-6e7dfec835a8e60b.js:301
[  126097ms] [ERROR] WebSocket is already in CLOSING or CLOSED state. @ http://localhost:3000/frontend-6e7dfec835a8e60b.js:395
[  130462ms] [ERROR] WebSocket connection to 'ws://localhost:3000/ws' failed: Error in connection establishment: net::ERR_CONNECTION_REFUSED @ http://localhost:3000/frontend-6e7dfec835a8e60b.js:301
[  130462ms] [ERROR] WebSocket is already in CLOSING or CLOSED state. @ http://localhost:3000/frontend-6e7dfec835a8e60b.js:395
[  135525ms] [ERROR] WebSocket connection to 'ws://localhost:3000/ws' failed: Error in connection establishment: net::ERR_CONNECTION_REFUSED @ http://localhost:3000/frontend-6e7dfec835a8e60b.js:301
[  135525ms] [ERROR] WebSocket is already in CLOSING or CLOSED state. @ http://localhost:3000/frontend-6e7dfec835a8e60b.js:395
[  135525ms] [ERROR] WebSocket is already in CLOSING or CLOSED state. @ http://localhost:3000/frontend-6e7dfec835a8e60b.js:395
