[     312ms] [WARNING] The `integrity` attribute is currently ignored for preload destinations that do not support subresource integrity. See https://crbug.com/981419 for more information @ http://localhost:3000/:7
[   93585ms] [ERROR] WebSocket connection to 'ws://localhost:3000/ws' failed: Error in connection establishment: net::ERR_CONNECTION_REFUSED @ http://localhost:3000/frontend-7767ea9e11f879f0.js:262
[   93585ms] [ERROR] WebSocket is already in CLOSING or CLOSED state. @ http://localhost:3000/frontend-7767ea9e11f879f0.js:356
[   93586ms] [ERROR] WebSocket is already in CLOSING or CLOSED state. @ http://localhost:3000/frontend-7767ea9e11f879f0.js:356
[   97927ms] [ERROR] WebSocket connection to 'ws://localhost:3000/ws' failed: Error in connection establishment: net::ERR_CONNECTION_REFUSED @ http://localhost:3000/frontend-7767ea9e11f879f0.js:262
[   97928ms] [ERROR] WebSocket is already in CLOSING or CLOSED state. @ http://localhost:3000/frontend-7767ea9e11f879f0.js:356
[   97928ms] [ERROR] WebSocket is already in CLOSING or CLOSED state. @ http://localhost:3000/frontend-7767ea9e11f879f0.js:356
[  102279ms] [ERROR] WebSocket connection to 'ws://localhost:3000/ws' failed: Error in connection establishment: net::ERR_CONNECTION_REFUSED @ http://localhost:3000/frontend-7767ea9e11f879f0.js:262
[  102279ms] [ERROR] WebSocket is already in CLOSING or CLOSED state. @ http://localhost:3000/frontend-7767ea9e11f879f0.js:356
[  102280ms] [ERROR] WebSocket is already in CLOSING or CLOSED state. @ http://localhost:3000/frontend-7767ea9e11f879f0.js:356
[  106636ms] [ERROR] WebSocket connection to 'ws://localhost:3000/ws' failed: Error in connection establishment: net::ERR_CONNECTION_REFUSED @ http://localhost:3000/frontend-7767ea9e11f879f0.js:262
[  106636ms] [ERROR] WebSocket is already in CLOSING or CLOSED state. @ http://localhost:3000/frontend-7767ea9e11f879f0.js:356
[  111002ms] [ERROR] WebSocket connection to 'ws://localhost:3000/ws' failed: Error in connection establishment: net::ERR_CONNECTION_REFUSED @ http://localhost:3000/frontend-7767ea9e11f879f0.js:262
[  111002ms] [ERROR] WebSocket is already in CLOSING or CLOSED state. @ http://localhost:3000/frontend-7767ea9e11f879f0.js:356
[  115333ms] [ERROR] WebSocket connection to 'ws://localhost:3000/ws' failed: Error in connection establishment: net::ERR_CONNECTION_REFUSED @ http://localhost:3000/frontend-7767ea9e11f879f0.js:262
[  115333ms] [ERROR] WebSocket is already in CLOSING or CLOSED state. @ http://localhost:3000/frontend-7767ea9e11f879f0.js:356
[  119685ms] [ERROR] WebSocket connection to 'ws://localhost:3000/ws' failed: Error in connection establishment: net::ERR_CONNECTION_REFUSED @ http://localhost:3000/frontend-7767ea9e11f879f0.js:262
[  119685ms] [ERROR] WebSocket is already in CLOSING or CLOSED state. @ http://localhost:3000/frontend-7767ea9e11f879f0.js:356
[  119685ms] [ERROR] WebSocket is already in CLOSING or CLOSED state. @ http://localhost:3000/frontend-7767ea9e11f879f0.js:356
[  119685ms] [ERROR] WebSocket is already in CLOSING or CLOSED state. @ http://localhost:3000/frontend-7767ea9e11f879f0.js:356
[  124041ms] [ERROR] WebSocket connection to 'ws://localhost:3000/ws' failed: Error in connection establishment: net::ERR_CONNECTION_REFUSED @ http://localhost:3000/frontend-7767ea9e11f879f0.js:262
[  124041ms] [ERROR] WebSocket is already in CLOSING or CLOSED state. @ http://localhost:3000/frontend-7767ea9e11f879f0.js:356
[  128374ms] [ERROR] WebSocket connection to 'ws://localhost:3000/ws' failed: Error in connection establishment: net::ERR_CONNECTION_REFUSED @ http://localhost:3000/frontend-7767ea9e11f879f0.js:262
[  128374ms] [ERROR] WebSocket is already in CLOSING or CLOSED state. @ http://localhost:3000/frontend-7767ea9e11f879f0.js:356
[  132697ms] [ERROR] WebSocket connection to 'ws://localhost:3000/ws' failed: Error in connection establishment: net::ERR_CONNECTION_REFUSED @ http://localhost:3000/frontend-7767ea9e11f879f0.js:262
[  132697ms] [ERROR] WebSocket is already in CLOSING or CLOSED state. @ http://localhost:3000/frontend-7767ea9e11f879f0.js:356
[  132697ms] [ERROR] WebSocket is already in CLOSING or CLOSED state. @ http://localhost:3000/frontend-7767ea9e11f879f0.js:356
[  132697ms] [ERROR] WebSocket is already in CLOSING or CLOSED state. @ http://localhost:3000/frontend-7767ea9e11f879f0.js:356
[  132697ms] [ERROR] WebSocket is already in CLOSING or CLOSED state. @ http://localhost:3000/frontend-7767ea9e11f879f0.js:356
[  132698ms] [ERROR] WebSocket is already in CLOSING or CLOSED state. @ http://localhost:3000/frontend-7767ea9e11f879f0.js:356
[  132698ms] [ERROR] WebSocket is already in CLOSING or CLOSED state. @ http://localhost:3000/frontend-7767ea9e11f879f0.js:356
[  137018ms] [ERROR] WebSocket connection to 'ws://localhost:3000/ws' failed: Error in connection establishment: net::ERR_CONNECTION_REFUSED @ http://localhost:3000/frontend-7767ea9e11f879f0.js:262
[  137019ms] [ERROR] WebSocket is already in CLOSING or CLOSED state. @ http://localhost:3000/frontend-7767ea9e11f879f0.js:356
[  141368ms] [ERROR] WebSocket connection to 'ws://localhost:3000/ws' failed: Error in connection establishment: net::ERR_CONNECTION_REFUSED @ http://localhost:3000/frontend-7767ea9e11f879f0.js:262
[  141369ms] [ERROR] WebSocket is already in CLOSING or CLOSED state. @ http://localhost:3000/frontend-7767ea9e11f879f0.js:356
[  141369ms] [ERROR] WebSocket is already in CLOSING or CLOSED state. @ http://localhost:3000/frontend-7767ea9e11f879f0.js:356
[  141369ms] [ERROR] WebSocket is already in CLOSING or CLOSED state. @ http://localhost:3000/frontend-7767ea9e11f879f0.js:356
[  145725ms] [ERROR] WebSocket connection to 'ws://localhost:3000/ws' failed: Error in connection establishment: net::ERR_CONNECTION_REFUSED @ http://localhost:3000/frontend-7767ea9e11f879f0.js:262
[  145725ms] [ERROR] WebSocket is already in CLOSING or CLOSED state. @ http://localhost:3000/frontend-7767ea9e11f879f0.js:356
[  145725ms] [ERROR] WebSocket is already in CLOSING or CLOSED state. @ http://localhost:3000/frontend-7767ea9e11f879f0.js:356
[  145725ms] [ERROR] WebSocket is already in CLOSING or CLOSED state. @ http://localhost:3000/frontend-7767ea9e11f879f0.js:356
[  150061ms] [ERROR] WebSocket connection to 'ws://localhost:3000/ws' failed: Error in connection establishment: net::ERR_CONNECTION_REFUSED @ http://localhost:3000/frontend-7767ea9e11f879f0.js:262
[  150061ms] [ERROR] WebSocket is already in CLOSING or CLOSED state. @ http://localhost:3000/frontend-7767ea9e11f879f0.js:356
[  150061ms] [ERROR] WebSocket is already in CLOSING or CLOSED state. @ http://localhost:3000/frontend-7767ea9e11f879f0.js:356
[  150061ms] [ERROR] WebSocket is already in CLOSING or CLOSED state. @ http://localhost:3000/frontend-7767ea9e11f879f0.js:356
[  154410ms] [ERROR] WebSocket connection to 'ws://localhost:3000/ws' failed: Error in connection establishment: net::ERR_CONNECTION_REFUSED @ http://localhost:3000/frontend-7767ea9e11f879f0.js:262
[  154410ms] [ERROR] WebSocket is already in CLOSING or CLOSED state. @ http://localhost:3000/frontend-7767ea9e11f879f0.js:356
[  154410ms] [ERROR] WebSocket is already in CLOSING or CLOSED state. @ http://localhost:3000/frontend-7767ea9e11f879f0.js:356
[  154410ms] [ERROR] WebSocket is already in CLOSING or CLOSED state. @ http://localhost:3000/frontend-7767ea9e11f879f0.js:356
