[     311ms] [WARNING] The `integrity` attribute is currently ignored for preload destinations that do not support subresource integrity. See https://crbug.com/981419 for more information @ http://localhost:3000/:7
[     361ms] [ERROR] Failed to load resource: the server responded with a status of 404 (Not Found) @ http://localhost:3000/favicon.ico:0
[   35601ms] [ERROR] WebSocket connection to 'ws://localhost:3000/ws' failed: Error in connection establishment: net::ERR_CONNECTION_REFUSED @ http://localhost:3000/frontend-cac95bdf44a00f83.js:298
[   35601ms] [ERROR] WebSocket is already in CLOSING or CLOSED state. @ http://localhost:3000/frontend-cac95bdf44a00f83.js:392
[   39954ms] [ERROR] WebSocket connection to 'ws://localhost:3000/ws' failed: Error in connection establishment: net::ERR_CONNECTION_REFUSED @ http://localhost:3000/frontend-cac95bdf44a00f83.js:298
[   39954ms] [ERROR] WebSocket is already in CLOSING or CLOSED state. @ http://localhost:3000/frontend-cac95bdf44a00f83.js:392
[   44296ms] [ERROR] WebSocket connection to 'ws://localhost:3000/ws' failed: Error in connection establishment: net::ERR_CONNECTION_REFUSED @ http://localhost:3000/frontend-cac95bdf44a00f83.js:298
[   44297ms] [ERROR] WebSocket is already in CLOSING or CLOSED state. @ http://localhost:3000/frontend-cac95bdf44a00f83.js:392
[   44297ms] [ERROR] WebSocket is already in CLOSING or CLOSED state. @ http://localhost:3000/frontend-cac95bdf44a00f83.js:392
[   48639ms] [ERROR] WebSocket connection to 'ws://localhost:3000/ws' failed: Error in connection establishment: net::ERR_CONNECTION_REFUSED @ http://localhost:3000/frontend-cac95bdf44a00f83.js:298
[   48639ms] [ERROR] WebSocket is already in CLOSING or CLOSED state. @ http://localhost:3000/frontend-cac95bdf44a00f83.js:392
[   52968ms] [ERROR] WebSocket connection to 'ws://localhost:3000/ws' failed: Error in connection establishment: net::ERR_CONNECTION_REFUSED @ http://localhost:3000/frontend-cac95bdf44a00f83.js:298
[   52968ms] [ERROR] WebSocket is already in CLOSING or CLOSED state. @ http://localhost:3000/frontend-cac95bdf44a00f83.js:392
[   57307ms] [ERROR] WebSocket connection to 'ws://localhost:3000/ws' failed: Error in connection establishment: net::ERR_CONNECTION_REFUSED @ http://localhost:3000/frontend-cac95bdf44a00f83.js:298
[   57307ms] [ERROR] WebSocket is already in CLOSING or CLOSED state. @ http://localhost:3000/frontend-cac95bdf44a00f83.js:392
[   57307ms] [ERROR] WebSocket is already in CLOSING or CLOSED state. @ http://localhost:3000/frontend-cac95bdf44a00f83.js:392
[   57307ms] [ERROR] WebSocket is already in CLOSING or CLOSED state. @ http://localhost:3000/frontend-cac95bdf44a00f83.js:392
[   57307ms] [ERROR] WebSocket is already in CLOSING or CLOSED state. @ http://localhost:3000/frontend-cac95bdf44a00f83.js:392
[   57307ms] [ERROR] WebSocket is already in CLOSING or CLOSED state. @ http://localhost:3000/frontend-cac95bdf44a00f83.js:392
[   57308ms] [ERROR] WebSocket is already in CLOSING or CLOSED state. @ http://localhost:3000/frontend-cac95bdf44a00f83.js:392
[   61627ms] [ERROR] WebSocket connection to 'ws://localhost:3000/ws' failed: Error in connection establishment: net::ERR_CONNECTION_REFUSED @ http://localhost:3000/frontend-cac95bdf44a00f83.js:298
[   61627ms] [ERROR] WebSocket is already in CLOSING or CLOSED state. @ http://localhost:3000/frontend-cac95bdf44a00f83.js:392
[   61627ms] [ERROR] WebSocket is already in CLOSING or CLOSED state. @ http://localhost:3000/frontend-cac95bdf44a00f83.js:392
[   65971ms] [ERROR] WebSocket connection to 'ws://localhost:3000/ws' failed: Error in connection establishment: net::ERR_CONNECTION_REFUSED @ http://localhost:3000/frontend-cac95bdf44a00f83.js:298
[   65971ms] [ERROR] WebSocket is already in CLOSING or CLOSED state. @ http://localhost:3000/frontend-cac95bdf44a00f83.js:392
[   65971ms] [ERROR] WebSocket is already in CLOSING or CLOSED state. @ http://localhost:3000/frontend-cac95bdf44a00f83.js:392
[   70318ms] [ERROR] WebSocket connection to 'ws://localhost:3000/ws' failed: Error in connection establishment: net::ERR_CONNECTION_REFUSED @ http://localhost:3000/frontend-cac95bdf44a00f83.js:298
[   70318ms] [ERROR] WebSocket is already in CLOSING or CLOSED state. @ http://localhost:3000/frontend-cac95bdf44a00f83.js:392
[   70319ms] [ERROR] WebSocket is already in CLOSING or CLOSED state. @ http://localhost:3000/frontend-cac95bdf44a00f83.js:392
[   74636ms] [ERROR] WebSocket connection to 'ws://localhost:3000/ws' failed: Error in connection establishment: net::ERR_CONNECTION_REFUSED @ http://localhost:3000/frontend-cac95bdf44a00f83.js:298
[   74636ms] [ERROR] WebSocket is already in CLOSING or CLOSED state. @ http://localhost:3000/frontend-cac95bdf44a00f83.js:392
[   79000ms] [ERROR] WebSocket connection to 'ws://localhost:3000/ws' failed: Error in connection establishment: net::ERR_CONNECTION_REFUSED @ http://localhost:3000/frontend-cac95bdf44a00f83.js:298
[   79000ms] [ERROR] WebSocket is already in CLOSING or CLOSED state. @ http://localhost:3000/frontend-cac95bdf44a00f83.js:392
[   83326ms] [ERROR] WebSocket connection to 'ws://localhost:3000/ws' failed: Error in connection establishment: net::ERR_CONNECTION_REFUSED @ http://localhost:3000/frontend-cac95bdf44a00f83.js:298
[   83326ms] [ERROR] WebSocket is already in CLOSING or CLOSED state. @ http://localhost:3000/frontend-cac95bdf44a00f83.js:392
[   87657ms] [ERROR] WebSocket connection to 'ws://localhost:3000/ws' failed: Error in connection establishment: net::ERR_CONNECTION_REFUSED @ http://localhost:3000/frontend-cac95bdf44a00f83.js:298
[   87658ms] [ERROR] WebSocket is already in CLOSING or CLOSED state. @ http://localhost:3000/frontend-cac95bdf44a00f83.js:392
[   87658ms] [ERROR] WebSocket is already in CLOSING or CLOSED state. @ http://localhost:3000/frontend-cac95bdf44a00f83.js:392
[   87658ms] [ERROR] WebSocket is already in CLOSING or CLOSED state. @ http://localhost:3000/frontend-cac95bdf44a00f83.js:392
[   91986ms] [ERROR] WebSocket connection to 'ws://localhost:3000/ws' failed: Error in connection establishment: net::ERR_CONNECTION_REFUSED @ http://localhost:3000/frontend-cac95bdf44a00f83.js:298
[   91987ms] [ERROR] WebSocket is already in CLOSING or CLOSED state. @ http://localhost:3000/frontend-cac95bdf44a00f83.js:392
[   96341ms] [ERROR] WebSocket connection to 'ws://localhost:3000/ws' failed: Error in connection establishment: net::ERR_CONNECTION_REFUSED @ http://localhost:3000/frontend-cac95bdf44a00f83.js:298
[   96342ms] [ERROR] WebSocket is already in CLOSING or CLOSED state. @ http://localhost:3000/frontend-cac95bdf44a00f83.js:392
[  100710ms] [ERROR] WebSocket connection to 'ws://localhost:3000/ws' failed: Error in connection establishment: net::ERR_CONNECTION_REFUSED @ http://localhost:3000/frontend-cac95bdf44a00f83.js:298
[  100710ms] [ERROR] WebSocket is already in CLOSING or CLOSED state. @ http://localhost:3000/frontend-cac95bdf44a00f83.js:392
[  100711ms] [ERROR] WebSocket is already in CLOSING or CLOSED state. @ http://localhost:3000/frontend-cac95bdf44a00f83.js:392
[  100711ms] [ERROR] WebSocket is already in CLOSING or CLOSED state. @ http://localhost:3000/frontend-cac95bdf44a00f83.js:392
[  100711ms] [ERROR] WebSocket is already in CLOSING or CLOSED state. @ http://localhost:3000/frontend-cac95bdf44a00f83.js:392
[  100711ms] [ERROR] WebSocket is already in CLOSING or CLOSED state. @ http://localhost:3000/frontend-cac95bdf44a00f83.js:392
[  100711ms] [ERROR] WebSocket is already in CLOSING or CLOSED state. @ http://localhost:3000/frontend-cac95bdf44a00f83.js:392
[  105066ms] [ERROR] WebSocket connection to 'ws://localhost:3000/ws' failed: Error in connection establishment: net::ERR_CONNECTION_REFUSED @ http://localhost:3000/frontend-cac95bdf44a00f83.js:298
[  105067ms] [ERROR] WebSocket is already in CLOSING or CLOSED state. @ http://localhost:3000/frontend-cac95bdf44a00f83.js:392
